# JRE version: OpenJDK Runtime Environment (11.0.12+7) (build 11.0.12+7-b1504.28-7817840)
# Java VM: OpenJDK 64-Bit Server VM (11.0.12+7-b1504.28-7817840, mixed mode, tiered, compressed oops, g1 gc, windows-amd64)
Heap:
 garbage-first heap   total 260096K, used 169477K [0x0000000080000000, 0x0000000100000000)
  region size 1024K, 147 young (150528K), 13 survivors (13312K)
 Metaspace       used 54645K, capacity 55988K, committed 56140K, reserved 1099776K
  class space    used 7020K, capacity 7537K, committed 7552K, reserved 1048576K
GC Heap History (10 events):
Event: 0.845 GC heap before
{Heap before GC invocations=0 (full 0):
 garbage-first heap   total 260096K, used 30720K [0x0000000080000000, 0x0000000100000000)
  region size 1024K, 24 young (24576K), 0 survivors (0K)
 Metaspace       used 9873K, capacity 10114K, committed 10368K, reserved 1058816K
  class space    used 1028K, capacity 1102K, committed 1152K, reserved 1048576K
}
Event: 0.853 GC heap after
{Heap after GC invocations=1 (full 0):
 garbage-first heap   total 260096K, used 9347K [0x0000000080000000, 0x0000000100000000)
  region size 1024K, 3 young (3072K), 3 survivors (3072K)
 Metaspace       used 9873K, capacity 10114K, committed 10368K, reserved 1058816K
  class space    used 1028K, capacity 1102K, committed 1152K, reserved 1048576K
}
Event: 6.967 GC heap before
{Heap before GC invocations=1 (full 0):
 garbage-first heap   total 260096K, used 111747K [0x0000000080000000, 0x0000000100000000)
  region size 1024K, 104 young (106496K), 3 survivors (3072K)
 Metaspace       used 20722K, capacity 21136K, committed 21248K, reserved 1067008K
  class space    used 2550K, capacity 2712K, committed 2816K, reserved 1048576K
}
Event: 6.978 GC heap after
{Heap after GC invocations=2 (full 0):
 garbage-first heap   total 260096K, used 16625K [0x0000000080000000, 0x0000000100000000)
  region size 1024K, 11 young (11264K), 11 survivors (11264K)
 Metaspace       used 20722K, capacity 21136K, committed 21248K, reserved 1067008K
  class space    used 2550K, capacity 2712K, committed 2816K, reserved 1048576K
}
Event: 12.495 GC heap before
{Heap before GC invocations=3 (full 0):
 garbage-first heap   total 260096K, used 83185K [0x0000000080000000, 0x0000000100000000)
  region size 1024K, 76 young (77824K), 11 survivors (11264K)
 Metaspace       used 27483K, capacity 28113K, committed 28160K, reserved 1073152K
  class space    used 3606K, capacity 3815K, committed 3840K, reserved 1048576K
}
Event: 12.503 GC heap after
{Heap after GC invocations=4 (full 0):
 garbage-first heap   total 260096K, used 19297K [0x0000000080000000, 0x0000000100000000)
  region size 1024K, 3 young (3072K), 3 survivors (3072K)
 Metaspace       used 27483K, capacity 28113K, committed 28160K, reserved 1073152K
  class space    used 3606K, capacity 3815K, committed 3840K, reserved 1048576K
}
Event: 15.371 GC heap before
{Heap before GC invocations=4 (full 0):
 garbage-first heap   total 260096K, used 65377K [0x0000000080000000, 0x0000000100000000)
  region size 1024K, 49 young (50176K), 3 survivors (3072K)
 Metaspace       used 35005K, capacity 35788K, committed 35840K, reserved 1081344K
  class space    used 4541K, capacity 4841K, committed 4864K, reserved 1048576K
}
Event: 15.383 GC heap after
{Heap after GC invocations=5 (full 0):
 garbage-first heap   total 260096K, used 21759K [0x0000000080000000, 0x0000000100000000)
  region size 1024K, 6 young (6144K), 6 survivors (6144K)
 Metaspace       used 35005K, capacity 35788K, committed 35840K, reserved 1081344K
  class space    used 4541K, capacity 4841K, committed 4864K, reserved 1048576K
}
Event: 17.776 GC heap before
{Heap before GC invocations=6 (full 0):
 garbage-first heap   total 260096K, used 143615K [0x0000000080000000, 0x0000000100000000)
  region size 1024K, 122 young (124928K), 6 survivors (6144K)
 Metaspace       used 45027K, capacity 46069K, committed 46412K, reserved 1089536K
  class space    used 5801K, capacity 6165K, committed 6272K, reserved 1048576K
}
Event: 17.793 GC heap after
{Heap after GC invocations=7 (full 0):
 garbage-first heap   total 260096K, used 29189K [0x0000000080000000, 0x0000000100000000)
  region size 1024K, 13 young (13312K), 13 survivors (13312K)
 Metaspace       used 45027K, capacity 46069K, committed 46412K, reserved 1089536K
  class space    used 5801K, capacity 6165K, committed 6272K, reserved 1048576K
}

